<?xml version="1.0" encoding="UTF-8"?>
<!-- Generated by org.testng.reporters.JUnitReportReporter -->
<testsuite skipped="0" hostname="LAPTOP-R2R3EUF3" name="test.CreateCustomeractitime" tests="1" failures="0" timestamp="09 Sep 2020 17:41:24 GMT" time="21.197" errors="0">
  <testcase name="login" time="21.197" classname="test.CreateCustomeractitime"/>
</testsuite> <!-- test.CreateCustomeractitime -->
